<?xml version="1.0" encoding="UTF-8"?>
<testng-results skipped="0" failed="1" ignored="0" total="1" passed="0">
  <reporter-output>
  </reporter-output>
  <suite name="Default suite" duration-ms="12327" started-at="2020-03-03T16:57:06 EST" finished-at="2020-03-03T16:57:18 EST">
    <groups>
    </groups>
    <test name="Default test" duration-ms="12327" started-at="2020-03-03T16:57:06 EST" finished-at="2020-03-03T16:57:18 EST">
      <class name="com.blazedemo_scripts.selectCities_Script">
        <test-method status="PASS" signature="preTest()[pri:0, instance:com.blazedemo_scripts.selectCities_Script@2b552920]" name="preTest" is-config="true" duration-ms="11631" started-at="2020-03-03T16:57:06 EST" finished-at="2020-03-03T16:57:18 EST">
          <reporter-output>
          </reporter-output>
        </test-method> <!-- preTest -->
        <test-method status="FAIL" signature="selectCities()[pri:0, instance:com.blazedemo_scripts.selectCities_Script@2b552920]" name="selectCities" duration-ms="610" started-at="2020-03-03T16:57:18 EST" finished-at="2020-03-03T16:57:18 EST">
          <exception class="java.lang.IllegalMonitorStateException">
            <full-stacktrace>
              <![CDATA[java.lang.IllegalMonitorStateException
at java.lang.Object.wait(Native Method)
at java.lang.Object.wait(Unknown Source)
at com.blazedemo_scripts.selectCities_Script.selectCities(selectCities_Script.java:31)
at sun.reflect.NativeMethodAccessorImpl.invoke0(Native Method)
at sun.reflect.NativeMethodAccessorImpl.invoke(Unknown Source)
at sun.reflect.DelegatingMethodAccessorImpl.invoke(Unknown Source)
at java.lang.reflect.Method.invoke(Unknown Source)
at org.testng.internal.MethodInvocationHelper.invokeMethod(MethodInvocationHelper.java:133)
at org.testng.internal.TestInvoker.invokeMethod(TestInvoker.java:584)
at org.testng.internal.TestInvoker.invokeTestMethod(TestInvoker.java:172)
at org.testng.internal.MethodRunner.runInSequence(MethodRunner.java:46)
at org.testng.internal.TestInvoker$MethodInvocationAgent.invoke(TestInvoker.java:804)
at org.testng.internal.TestInvoker.invokeTestMethods(TestInvoker.java:145)
at org.testng.internal.TestMethodWorker.invokeTestMethods(TestMethodWorker.java:146)
at org.testng.internal.TestMethodWorker.run(TestMethodWorker.java:128)
at java.util.ArrayList.forEach(Unknown Source)
at org.testng.TestRunner.privateRun(TestRunner.java:770)
at org.testng.TestRunner.run(TestRunner.java:591)
at org.testng.SuiteRunner.runTest(SuiteRunner.java:402)
at org.testng.SuiteRunner.runSequentially(SuiteRunner.java:396)
at org.testng.SuiteRunner.privateRun(SuiteRunner.java:355)
at org.testng.SuiteRunner.run(SuiteRunner.java:304)
at org.testng.SuiteRunnerWorker.runSuite(SuiteRunnerWorker.java:53)
at org.testng.SuiteRunnerWorker.run(SuiteRunnerWorker.java:96)
at org.testng.TestNG.runSuitesSequentially(TestNG.java:1180)
at org.testng.TestNG.runSuitesLocally(TestNG.java:1102)
at org.testng.TestNG.runSuites(TestNG.java:1032)
at org.testng.TestNG.run(TestNG.java:1000)
at org.testng.remote.AbstractRemoteTestNG.run(AbstractRemoteTestNG.java:115)
at org.testng.remote.RemoteTestNG.initAndRun(RemoteTestNG.java:251)
at org.testng.remote.RemoteTestNG.main(RemoteTestNG.java:77)
]]>
            </full-stacktrace>
          </exception> <!-- java.lang.IllegalMonitorStateException -->
          <reporter-output>
          </reporter-output>
        </test-method> <!-- selectCities -->
        <test-method status="PASS" signature="postTest()[pri:0, instance:com.blazedemo_scripts.selectCities_Script@2b552920]" name="postTest" is-config="true" duration-ms="0" started-at="2020-03-03T16:57:18 EST" finished-at="2020-03-03T16:57:18 EST">
          <reporter-output>
          </reporter-output>
        </test-method> <!-- postTest -->
      </class> <!-- com.blazedemo_scripts.selectCities_Script -->
    </test> <!-- Default test -->
  </suite> <!-- Default suite -->
</testng-results>
